<?xml version="1.0" encoding="UTF-8"?>
<!-- Generated by org.testng.reporters.JUnitXMLReporter -->
<testsuite ignored="1" hostname="DESKTOP-QR92RFC" failures="0" tests="3" name="Test_Chrome" time="16.143" errors="0" timestamp="2022-08-15T18:31:45 IST">
  <testcase classname="a14_CrossBrowserTesting.A2_TestCases" name="C" time="0.015"/>
  <testcase classname="a14_CrossBrowserTesting.A2_TestCases" name="B" time="0.004"/>
  <testcase classname="a14_CrossBrowserTesting.A2_TestCases" name="D" time="0.0"/>
  <testcase classname="a14_CrossBrowserTesting.A2_TestCases" name="A" time="0.0">
    <ignored/>
  </testcase> <!-- A -->
</testsuite> <!-- Test_Chrome -->
