<?xml version="1.0" encoding="UTF-8"?>
<!-- Generated by org.testng.reporters.JUnitXMLReporter -->
<testsuite ignored="2" hostname="DESKTOP-QR92RFC" failures="0" tests="2" name="Test_Edge" time="15.959" errors="0" timestamp="2022-08-15T18:32:01 IST">
  <testcase classname="a14_CrossBrowserTesting.A2_TestCases" name="A" time="0.001"/>
  <testcase classname="a14_CrossBrowserTesting.A2_TestCases" name="B" time="0.003"/>
  <testcase classname="a14_CrossBrowserTesting.A2_TestCases" name="D" time="0.0">
    <ignored/>
  </testcase> <!-- D -->
  <testcase classname="a14_CrossBrowserTesting.A2_TestCases" name="C" time="0.0">
    <ignored/>
  </testcase> <!-- C -->
</testsuite> <!-- Test_Edge -->
