<?xml version="1.0" encoding="UTF-8"?>
<testng-results ignored="0" total="1" passed="1" failed="0" skipped="0">
  <reporter-output>
  </reporter-output>
  <suite started-at="2022-08-17T09:04:06 IST" name="Default suite" finished-at="2022-08-17T09:04:16 IST" duration-ms="9573">
    <groups>
    </groups>
    <test started-at="2022-08-17T09:04:06 IST" name="Default test" finished-at="2022-08-17T09:04:16 IST" duration-ms="9573">
      <class name="a16_Scrolling.A3_MethodFor_Scrolling">
        <test-method signature="scroll()[pri:0, instance:a16_Scrolling.A3_MethodFor_Scrolling@40ef3420]" started-at="2022-08-17T09:04:06 IST" name="scroll" finished-at="2022-08-17T09:04:16 IST" duration-ms="9537" status="PASS">
          <reporter-output>
          </reporter-output>
        </test-method> <!-- scroll -->
      </class> <!-- a16_Scrolling.A3_MethodFor_Scrolling -->
    </test> <!-- Default test -->
  </suite> <!-- Default suite -->
</testng-results>
