<?xml version="1.0" encoding="UTF-8"?>
<!-- Generated by org.testng.reporters.JUnitXMLReporter -->
<testsuite ignored="1" hostname="DESKTOP-QR92RFC" failures="1" tests="27" name="Test1" time="27.175" errors="0" timestamp="2022-08-13T14:11:41 IST">
  <testcase classname="a13_TestNG_Keywords.A4_dependsOnMethod" name="m1" time="0.005">
    <failure type="java.lang.AssertionError" message="expected [true] but found [false]">
      <![CDATA[java.lang.AssertionError: expected [true] but found [false]
at a13_TestNG_Keywords.A4_dependsOnMethod.m1(A4_dependsOnMethod.java:14)
at java.base/java.util.ArrayList.forEach(ArrayList.java:1511)
... Removed 31 stack frames]]>
    </failure>
  </testcase> <!-- m1 -->
  <testcase classname="a13_TestNG_Keywords.A4_dependsOnMethod" name="m2" time="0.0">
    <skipped/>
  </testcase> <!-- m2 -->
  <testcase classname="a13_TestNG_Keywords.A4_dependsOnMethod" name="m3" time="0.001"/>
  <testcase classname="a13_TestNG_Keywords.A4_dependsOnMethod" name="m4" time="0.001"/>
  <testcase classname="a13_TestNG_Keywords.A3_Invocation_count" name="m1" time="0.0"/>
  <testcase classname="a13_TestNG_Keywords.A3_Invocation_count" name="m2" time="0.001"/>
  <testcase classname="a13_TestNG_Keywords.A3_Invocation_count" name="m2" time="0.001"/>
  <testcase classname="a13_TestNG_Keywords.A3_Invocation_count" name="m2" time="0.001"/>
  <testcase classname="a13_TestNG_Keywords.A3_Invocation_count" name="m3" time="0.001"/>
  <testcase classname="a13_TestNG_Keywords.A3_Invocation_count" name="m4" time="0.003"/>
  <testcase classname="a12_TestNG.A2_test2" name="m1" time="0.002"/>
  <testcase classname="a12_TestNG.A2_test2" name="m2" time="0.003"/>
  <testcase classname="a12_TestNG.A2_test2" name="m3" time="0.001"/>
  <testcase classname="a12_TestNG.A2_test2" name="m4" time="0.002"/>
  <testcase classname="a13_TestNG_Keywords.A1_Priority" name="m4" time="0.001"/>
  <testcase classname="a13_TestNG_Keywords.A1_Priority" name="m3" time="0.001"/>
  <testcase classname="a13_TestNG_Keywords.A1_Priority" name="m2" time="0.001"/>
  <testcase classname="a13_TestNG_Keywords.A1_Priority" name="m1" time="0.002"/>
  <testcase classname="a13_TestNG_Keywords.A2_Enable_False" name="m1" time="0.001"/>
  <testcase classname="a13_TestNG_Keywords.A2_Enable_False" name="m3" time="0.002"/>
  <testcase classname="a13_TestNG_Keywords.A2_Enable_False" name="m4" time="0.0"/>
  <testcase classname="a12_TestNG.B1_test1" name="m1" time="0.003"/>
  <testcase classname="a12_TestNG.B1_test1" name="m2" time="0.001"/>
  <testcase classname="a12_TestNG.B1_test1" name="m3" time="0.001"/>
  <testcase classname="a12_TestNG.B1_test1" name="m4" time="0.001"/>
  <testcase classname="a12_TestNG.A1_test1" name="test1" time="0.001"/>
  <testcase classname="a12_TestNG.A1_test1" name="test2" time="0.002"/>
  <testcase classname="a13_TestNG_Keywords.A2_Enable_False" name="m2" time="0.0">
    <ignored/>
  </testcase> <!-- m2 -->
</testsuite> <!-- Test1 -->
